<?xml version="1.0" encoding="UTF-8"?>
<!-- Generated by org.testng.reporters.JUnitReportReporter -->
<testsuite skipped="1" hostname="DESKTOP-G1GANOT" name="apiTests.TweetsAPiTest" tests="5" failures="0" timestamp="20 Dec 2021 19:14:11 GMT" time="4.401" errors="1">
  <testcase name="testUserCannotTweetSameTweetInARow" time="0.625" classname="apiTests.TweetsAPiTest"/>
  <testcase name="testGetUserTimeLine" time="2.293" classname="apiTests.TweetsAPiTest">
    <error type="java.lang.ClassCastException" message="java.util.ArrayList cannot be cast to java.lang.Long">
      <![CDATA[java.lang.ClassCastException: java.util.ArrayList cannot be cast to java.lang.Long
at apiTests.TweetsAPiTest.testGetUserTimeLine(TweetsAPiTest.java:28)
at sun.reflect.NativeMethodAccessorImpl.invoke0(Native Method)
at sun.reflect.NativeMethodAccessorImpl.invoke(Unknown Source)
at sun.reflect.DelegatingMethodAccessorImpl.invoke(Unknown Source)
at java.lang.reflect.Method.invoke(Unknown Source)
at org.testng.internal.MethodInvocationHelper.invokeMethod(MethodInvocationHelper.java:124)
at org.testng.internal.Invoker.invokeMethod(Invoker.java:583)
at org.testng.internal.Invoker.invokeTestMethod(Invoker.java:719)
at org.testng.internal.Invoker.invokeTestMethods(Invoker.java:989)
at org.testng.internal.TestMethodWorker.invokeTestMethods(TestMethodWorker.java:125)
at org.testng.internal.TestMethodWorker.run(TestMethodWorker.java:109)
at org.testng.TestRunner.privateRun(TestRunner.java:648)
at org.testng.TestRunner.run(TestRunner.java:505)
at org.testng.SuiteRunner.runTest(SuiteRunner.java:455)
at org.testng.SuiteRunner.runSequentially(SuiteRunner.java:450)
at org.testng.SuiteRunner.privateRun(SuiteRunner.java:415)
at org.testng.SuiteRunner.run(SuiteRunner.java:364)
at org.testng.SuiteRunnerWorker.runSuite(SuiteRunnerWorker.java:52)
at org.testng.SuiteRunnerWorker.run(SuiteRunnerWorker.java:84)
at org.testng.TestNG.runSuitesSequentially(TestNG.java:1208)
at org.testng.TestNG.runSuitesLocally(TestNG.java:1137)
at org.testng.TestNG.runSuites(TestNG.java:1049)
at org.testng.TestNG.run(TestNG.java:1017)
at org.testng.remote.AbstractRemoteTestNG.run(AbstractRemoteTestNG.java:115)
at org.testng.remote.RemoteTestNG.initAndRun(RemoteTestNG.java:251)
at org.testng.remote.RemoteTestNG.main(RemoteTestNG.java:77)
]]>
    </error>
  </testcase> <!-- testGetUserTimeLine -->
  <testcase name="testUserCanTweet" time="0.365" classname="apiTests.TweetsAPiTest"/>
  <testcase name="testUserCannotDuplicateTweet" time="1.118" classname="apiTests.TweetsAPiTest"/>
  <testcase name="userCanDeleteTweet" time="0.000" classname="apiTests.TweetsAPiTest">
    <skipped/>
  </testcase> <!-- userCanDeleteTweet -->
</testsuite> <!-- apiTests.TweetsAPiTest -->
